<?xml version="1.0" encoding="UTF-8"?>
<!-- Generated by org.testng.reporters.JUnitXMLReporter -->
<testsuite ignored="0" hostname="BDC11-L-G01ES30" failures="0" tests="4" name="Automation Test Report" time="84.594" errors="0" timestamp="06 Jan 2020 07:32:04 GMT">
  <testcase classname="com.testautomation.TestRunner.TestRunner" name="feature" time="41.526"/>
  <testcase classname="com.testautomation.TestRunner.TestRunner" name="feature" time="41.796"/>
  <testcase classname="com.testautomation.TestRunner.TestRunner" name="feature" time="36.739"/>
  <testcase classname="com.testautomation.TestRunner.TestRunner" name="feature" time="42.235"/>
</testsuite> <!-- Automation Test Report -->
